Copyright 1986-2021 Xilinx, Inc. All Rights Reserved.
-------------------------------------------------------------------------------------
| Tool Version : Vivado v.2021.2 (win64) Build 3367213 Tue Oct 19 02:48:09 MDT 2021
| Date         : Thu Jun  2 01:26:22 2022
| Host         : DANINITRO-PC running 64-bit major release  (build 9200)
| Command      : report_control_sets -verbose -file hdmi_top_control_sets_placed.rpt
| Design       : hdmi_top
| Device       : xc7k70t
-------------------------------------------------------------------------------------

Control Set Information

Table of Contents
-----------------
1. Summary
2. Histogram
3. Flip-Flop Distribution
4. Detailed Control Set Information

1. Summary
----------

+----------------------------------------------------------+-------+
|                          Status                          | Count |
+----------------------------------------------------------+-------+
| Total control sets                                       |    21 |
|    Minimum number of control sets                        |    21 |
|    Addition due to synthesis replication                 |     0 |
|    Addition due to physical synthesis replication        |     0 |
| Unused register locations in slices containing registers |    95 |
+----------------------------------------------------------+-------+
* Control sets can be merged at opt_design using control_set_merge or merge_equivalent_drivers
** Run report_qor_suggestions for automated merging and remapping suggestions


2. Histogram
------------

+--------------------+-------+
|       Fanout       | Count |
+--------------------+-------+
| Total control sets |    21 |
| >= 0 to < 4        |     1 |
| >= 4 to < 6        |     4 |
| >= 6 to < 8        |     0 |
| >= 8 to < 10       |     0 |
| >= 10 to < 12      |     7 |
| >= 12 to < 14      |     0 |
| >= 14 to < 16      |     0 |
| >= 16              |     9 |
+--------------------+-------+
* Control sets can be remapped at either synth_design or opt_design


3. Flip-Flop Distribution
-------------------------

+--------------+-----------------------+------------------------+-----------------+--------------+
| Clock Enable | Synchronous Set/Reset | Asynchronous Set/Reset | Total Registers | Total Slices |
+--------------+-----------------------+------------------------+-----------------+--------------+
| No           | No                    | No                     |             328 |          125 |
| No           | No                    | Yes                    |              42 |           14 |
| No           | Yes                   | No                     |              61 |           20 |
| Yes          | No                    | No                     |              84 |           25 |
| Yes          | No                    | Yes                    |               0 |            0 |
| Yes          | Yes                   | No                     |              78 |           26 |
+--------------+-----------------------+------------------------+-----------------+--------------+


4. Detailed Control Set Information
-----------------------------------

+-----------------------------------------------------------------+---------------------------------------------------------------+----------------------------------------------------+------------------+----------------+--------------+
|                           Clock Signal                          |                         Enable Signal                         |                  Set/Reset Signal                  | Slice Load Count | Bel Load Count | Bels / Slice |
+-----------------------------------------------------------------+---------------------------------------------------------------+----------------------------------------------------+------------------+----------------+--------------+
|  clk100M_IBUF_BUFG                                              | spec_anal/codec_if_inst/genblk1.rst_ff_i_1_n_0                | rstbt_IBUF                                         |                1 |              1 |         1.00 |
|  clk100M_IBUF_BUFG                                              |                                                               | spec_anal/controller/core/DSP2/b_reg[0][5]_i_1_n_0 |                2 |              4 |         2.00 |
|  clk100M_IBUF_BUFG                                              |                                                               | spec_anal/controller/core/DSP2/b_reg[0][7]_i_1_n_0 |                1 |              4 |         4.00 |
|  clk100M_IBUF_BUFG                                              | spec_anal/controller/core/calc_sidevar_cntr[4]_i_2_n_0        | spec_anal/controller/core/calc_sidevar_cntr[1]     |                2 |              4 |         2.00 |
|  clk100M_IBUF_BUFG                                              | spec_anal/controller/core/new_stage                           | spec_anal/controller/core/stage_cntr[3]_i_1_n_0    |                1 |              4 |         4.00 |
|  spec_anal/controller/core/ram_2_real_addr_a_reg_reg[9]_i_2_n_0 |                                                               | spec_anal/controller/core/ram_2_real_addr_a_reg    |                3 |             10 |         3.33 |
|  clk40M_BUFG                                                    | h_cntr1                                                       | v_cntr0                                            |                4 |             10 |         2.50 |
|  clk40M_BUFG                                                    | display_ram_write_addr0                                       | p_1_in                                             |                3 |             10 |         3.33 |
|  clk100M_IBUF_BUFG                                              | spec_anal/controller/convert/sel                              | spec_anal/controller/convert/clear                 |                3 |             10 |         3.33 |
|  clk100M_IBUF_BUFG                                              | spec_anal/controller/core/g[9]_i_1_n_0                        | spec_anal/controller/core/calc_sidevar_cntr[1]     |                3 |             10 |         3.33 |
|  clk100M_IBUF_BUFG                                              | spec_anal/controller/core/h[9]_i_2_n_0                        | spec_anal/controller/core/h[9]_i_1_n_0             |                3 |             10 |         3.33 |
|  clk40M_BUFG                                                    |                                                               | h_cntr0                                            |                4 |             11 |         2.75 |
|  clk100M_IBUF_BUFG                                              | spec_anal/controller/core/btf/inst[8].DSP/read_cycle_done_reg |                                                    |                6 |             18 |         3.00 |
|  clk100M_IBUF_BUFG                                              | spec_anal/controller/core/element_per_group[9]_i_2_n_0        | spec_anal/controller/core/p_17_in                  |                6 |             19 |         3.17 |
|  clk100M_IBUF_BUFG                                              |                                                               | rstbt_IBUF                                         |                7 |             23 |         3.29 |
|  clk100M_IBUF_BUFG                                              | spec_anal/codec_if_inst/genblk1.shr_rx[23]_i_1_n_0            |                                                    |                6 |             24 |         4.00 |
|  spec_anal/controller/core/rom_imag_addr_reg__0_BUFG            |                                                               |                                                    |               14 |             30 |         2.14 |
|  clk100M_IBUF_BUFG                                              | spec_anal/controller/core/btf/inst[4].DSP/read_cycle_done_reg |                                                    |               13 |             42 |         3.23 |
|  clk40M_BUFG                                                    |                                                               | rst                                                |               17 |             51 |         3.00 |
|  clk40M_BUFG                                                    |                                                               |                                                    |               27 |             82 |         3.04 |
|  clk100M_IBUF_BUFG                                              |                                                               |                                                    |               84 |            216 |         2.57 |
+-----------------------------------------------------------------+---------------------------------------------------------------+----------------------------------------------------+------------------+----------------+--------------+


